<?xml version="1.0" encoding="UTF-8"?>
<testng-results ignored="0" total="2" passed="2" failed="0" skipped="0">
  <reporter-output>
  </reporter-output>
  <suite started-at="2020-09-30T10:08:03 PDT" name="Default suite" finished-at="2020-09-30T10:08:03 PDT" duration-ms="221">
    <groups>
    </groups>
    <test started-at="2020-09-30T10:08:03 PDT" name="Default test" finished-at="2020-09-30T10:08:03 PDT" duration-ms="221">
      <class name="NewMaven.NewMaven.Search">
        <test-method signature="add()[pri:0, instance:NewMaven.NewMaven.Search@27ae2fd0]" started-at="2020-09-30T10:08:03 PDT" name="add" finished-at="2020-09-30T10:08:03 PDT" duration-ms="41" status="PASS">
          <reporter-output>
          </reporter-output>
        </test-method> <!-- add -->
        <test-method signature="sum()[pri:0, instance:NewMaven.NewMaven.Search@27ae2fd0]" started-at="2020-09-30T10:08:03 PDT" name="sum" finished-at="2020-09-30T10:08:03 PDT" duration-ms="4" status="PASS">
          <reporter-output>
          </reporter-output>
        </test-method> <!-- sum -->
      </class> <!-- NewMaven.NewMaven.Search -->
    </test> <!-- Default test -->
  </suite> <!-- Default suite -->
</testng-results>
